<?xml version="1.0" encoding="UTF-8"?>
<!-- Generated by org.testng.reporters.JUnitXMLReporter -->
<testsuite ignored="4" hostname="LAPTOP-VRF7QEJL" failures="0" tests="4" name="Test" time="98.734" errors="0" timestamp="2025-03-26T15:34:47 IST">
  <testcase classname="testCaseRepo.TC_003" name="LE_003" time="19.224"/>
  <testcase classname="testCaseRepo.TC_001" name="LE_001" time="15.803"/>
  <testcase classname="testCaseRepo.TC_001" name="demo" time="0.003"/>
  <testcase classname="testCaseRepo.TC_004" name="Con_001" time="17.897"/>
  <testcase classname="genericUtility.BaseClass" name="@AfterSuite closeDBConnection" time="0.0">
    <ignored/>
  </testcase> <!-- @AfterSuite closeDBConnection -->
  <testcase classname="genericUtility.BaseClass" name="@BeforeSuite dbConnection" time="0.0">
    <ignored/>
  </testcase> <!-- @BeforeSuite dbConnection -->
  <testcase classname="genericUtility.BaseClass" name="@AfterSuite closeDBConnection" time="0.0">
    <ignored/>
  </testcase> <!-- @AfterSuite closeDBConnection -->
  <testcase classname="genericUtility.BaseClass" name="@BeforeSuite dbConnection" time="0.0">
    <ignored/>
  </testcase> <!-- @BeforeSuite dbConnection -->
</testsuite> <!-- Test -->
