<?xml version="1.0" encoding="UTF-8"?>
<testng-results ignored="0" total="4" passed="4" failed="0" skipped="0">
  <reporter-output>
    <line>
      <![CDATA[LE_001->On Test start]]>
    </line>
    <line>
      <![CDATA[LE_001->On Test start]]>
    </line>
    <line>
      <![CDATA[LE_001->On Test success]]>
    </line>
    <line>
      <![CDATA[LE_001->On Test success]]>
    </line>
    <line>
      <![CDATA[demo->On Test start]]>
    </line>
    <line>
      <![CDATA[demo->On Test success]]>
    </line>
    <line>
      <![CDATA[demo->On Test start]]>
    </line>
    <line>
      <![CDATA[demo->On Test success]]>
    </line>
  </reporter-output>
  <suite started-at="2025-03-26T15:57:54 IST" name="Suite" finished-at="2025-03-26T15:58:54 IST" duration-ms="59426">
    <groups>
      <group name="Sanity">
        <method signature="TC_001.LE_001()[pri:0, instance:testCaseRepo.TC_001@4fb0f2b9]" name="LE_001" class="testCaseRepo.TC_001"/>
        <method signature="TC_001.LE_001()[pri:0, instance:testCaseRepo.TC_001@55b699ef]" name="LE_001" class="testCaseRepo.TC_001"/>
      </group> <!-- Sanity -->
      <group name="Smoke">
        <method signature="TC_001.LE_001()[pri:0, instance:testCaseRepo.TC_001@4fb0f2b9]" name="LE_001" class="testCaseRepo.TC_001"/>
        <method signature="TC_001.LE_001()[pri:0, instance:testCaseRepo.TC_001@55b699ef]" name="LE_001" class="testCaseRepo.TC_001"/>
      </group> <!-- Smoke -->
    </groups>
    <test started-at="2025-03-26T15:57:54 IST" name="Test1" finished-at="2025-03-26T15:58:52 IST" duration-ms="58190">
      <class name="testCaseRepo.TC_001">
        <test-method is-config="true" signature="launchBrowser(java.lang.String)[pri:0, instance:testCaseRepo.TC_001@4fb0f2b9]" started-at="2025-03-26T15:57:55 IST" name="launchBrowser" finished-at="2025-03-26T15:57:59 IST" duration-ms="4242" status="PASS">
          <params>
            <param index="0">
              <value>
                <![CDATA[chrome]]>
              </value>
            </param>
          </params>
          <reporter-output>
          </reporter-output>
        </test-method> <!-- launchBrowser -->
        <test-method is-config="true" signature="loginOperation()[pri:0, instance:testCaseRepo.TC_001@4fb0f2b9]" started-at="2025-03-26T15:57:59 IST" name="loginOperation" finished-at="2025-03-26T15:58:05 IST" duration-ms="5799" status="PASS">
          <reporter-output>
          </reporter-output>
        </test-method> <!-- loginOperation -->
        <test-method signature="LE_001()[pri:0, instance:testCaseRepo.TC_001@4fb0f2b9]" started-at="2025-03-26T15:58:05 IST" name="LE_001" finished-at="2025-03-26T15:58:31 IST" duration-ms="26802" status="PASS">
          <reporter-output>
            <line>
              <![CDATA[LE_001->On Test start]]>
            </line>
            <line>
              <![CDATA[LE_001->On Test success]]>
            </line>
          </reporter-output>
        </test-method> <!-- LE_001 -->
        <test-method is-config="true" signature="signOutOperation()[pri:0, instance:testCaseRepo.TC_001@4fb0f2b9]" started-at="2025-03-26T15:58:31 IST" name="signOutOperation" finished-at="2025-03-26T15:58:34 IST" duration-ms="2749" status="PASS">
          <reporter-output>
          </reporter-output>
        </test-method> <!-- signOutOperation -->
        <test-method is-config="true" signature="loginOperation()[pri:0, instance:testCaseRepo.TC_001@4fb0f2b9]" started-at="2025-03-26T15:58:34 IST" name="loginOperation" finished-at="2025-03-26T15:58:42 IST" duration-ms="7596" status="PASS">
          <reporter-output>
          </reporter-output>
        </test-method> <!-- loginOperation -->
        <test-method signature="demo()[pri:0, instance:testCaseRepo.TC_001@4fb0f2b9]" started-at="2025-03-26T15:58:42 IST" name="demo" finished-at="2025-03-26T15:58:42 IST" duration-ms="3" status="PASS">
          <reporter-output>
            <line>
              <![CDATA[demo->On Test start]]>
            </line>
            <line>
              <![CDATA[demo->On Test success]]>
            </line>
          </reporter-output>
        </test-method> <!-- demo -->
        <test-method is-config="true" signature="signOutOperation()[pri:0, instance:testCaseRepo.TC_001@4fb0f2b9]" started-at="2025-03-26T15:58:42 IST" name="signOutOperation" finished-at="2025-03-26T15:58:52 IST" duration-ms="10060" status="PASS">
          <reporter-output>
          </reporter-output>
        </test-method> <!-- signOutOperation -->
        <test-method is-config="true" signature="closeBrowser()[pri:0, instance:testCaseRepo.TC_001@4fb0f2b9]" started-at="2025-03-26T15:58:52 IST" name="closeBrowser" finished-at="2025-03-26T15:58:52 IST" duration-ms="550" status="PASS">
          <reporter-output>
          </reporter-output>
        </test-method> <!-- closeBrowser -->
      </class> <!-- testCaseRepo.TC_001 -->
    </test> <!-- Test1 -->
    <test started-at="2025-03-26T15:57:54 IST" name="Test2" finished-at="2025-03-26T15:58:54 IST" duration-ms="59426">
      <class name="testCaseRepo.TC_001">
        <test-method is-config="true" signature="dbConnection()[pri:0, instance:testCaseRepo.TC_001@55b699ef]" started-at="2025-03-26T15:57:54 IST" name="dbConnection" finished-at="2025-03-26T15:57:54 IST" duration-ms="16" status="PASS">
          <reporter-output>
          </reporter-output>
        </test-method> <!-- dbConnection -->
        <test-method is-config="true" signature="launchBrowser(java.lang.String)[pri:0, instance:testCaseRepo.TC_001@55b699ef]" started-at="2025-03-26T15:57:55 IST" name="launchBrowser" finished-at="2025-03-26T15:57:59 IST" duration-ms="4242" status="PASS">
          <params>
            <param index="0">
              <value>
                <![CDATA[edge]]>
              </value>
            </param>
          </params>
          <reporter-output>
          </reporter-output>
        </test-method> <!-- launchBrowser -->
        <test-method is-config="true" signature="loginOperation()[pri:0, instance:testCaseRepo.TC_001@55b699ef]" started-at="2025-03-26T15:57:59 IST" name="loginOperation" finished-at="2025-03-26T15:58:05 IST" duration-ms="5928" status="PASS">
          <reporter-output>
          </reporter-output>
        </test-method> <!-- loginOperation -->
        <test-method signature="LE_001()[pri:0, instance:testCaseRepo.TC_001@55b699ef]" started-at="2025-03-26T15:58:05 IST" name="LE_001" finished-at="2025-03-26T15:58:31 IST" duration-ms="26574" status="PASS">
          <reporter-output>
            <line>
              <![CDATA[LE_001->On Test start]]>
            </line>
            <line>
              <![CDATA[LE_001->On Test success]]>
            </line>
          </reporter-output>
        </test-method> <!-- LE_001 -->
        <test-method is-config="true" signature="signOutOperation()[pri:0, instance:testCaseRepo.TC_001@55b699ef]" started-at="2025-03-26T15:58:31 IST" name="signOutOperation" finished-at="2025-03-26T15:58:34 IST" duration-ms="2770" status="PASS">
          <reporter-output>
          </reporter-output>
        </test-method> <!-- signOutOperation -->
        <test-method is-config="true" signature="loginOperation()[pri:0, instance:testCaseRepo.TC_001@55b699ef]" started-at="2025-03-26T15:58:34 IST" name="loginOperation" finished-at="2025-03-26T15:58:42 IST" duration-ms="7539" status="PASS">
          <reporter-output>
          </reporter-output>
        </test-method> <!-- loginOperation -->
        <test-method signature="demo()[pri:0, instance:testCaseRepo.TC_001@55b699ef]" started-at="2025-03-26T15:58:42 IST" name="demo" finished-at="2025-03-26T15:58:42 IST" duration-ms="5" status="PASS">
          <reporter-output>
            <line>
              <![CDATA[demo->On Test start]]>
            </line>
            <line>
              <![CDATA[demo->On Test success]]>
            </line>
          </reporter-output>
        </test-method> <!-- demo -->
        <test-method is-config="true" signature="signOutOperation()[pri:0, instance:testCaseRepo.TC_001@55b699ef]" started-at="2025-03-26T15:58:42 IST" name="signOutOperation" finished-at="2025-03-26T15:58:52 IST" duration-ms="10324" status="PASS">
          <reporter-output>
          </reporter-output>
        </test-method> <!-- signOutOperation -->
        <test-method is-config="true" signature="closeBrowser()[pri:0, instance:testCaseRepo.TC_001@55b699ef]" started-at="2025-03-26T15:58:52 IST" name="closeBrowser" finished-at="2025-03-26T15:58:54 IST" duration-ms="1645" status="PASS">
          <reporter-output>
          </reporter-output>
        </test-method> <!-- closeBrowser -->
        <test-method is-config="true" signature="closeDBConnection()[pri:0, instance:testCaseRepo.TC_001@55b699ef]" started-at="2025-03-26T15:58:54 IST" name="closeDBConnection" finished-at="2025-03-26T15:58:54 IST" duration-ms="0" status="PASS">
          <reporter-output>
          </reporter-output>
        </test-method> <!-- closeDBConnection -->
      </class> <!-- testCaseRepo.TC_001 -->
    </test> <!-- Test2 -->
  </suite> <!-- Suite -->
</testng-results>
